<assembly xmlns:xsi="http://www.w3.org/2001/XMLSchema-instance"
          xmlns="http://maven.apache.org/plugins/maven-assembly-plugin/assembly/1.1.0"
          xsi:schemaLocation="http://maven.apache.org/plugins/maven-assembly-plugin/assembly/1.1.0 http://maven.apache.org/xsd/assembly-1.1.0.xsd">
    <id>test-jar-with-dependencies</id>
    <formats>
        <format>jar</format>
    </formats>
    <includeBaseDirectory>false</includeBaseDirectory>
    <dependencySets>
        <dependencySet>
            <outputDirectory>/</outputDirectory>
            <useProjectArtifact>true</useProjectArtifact>
            <!-- This creates the test-jar as an attachement -->
            <useProjectAttachments>true</useProjectAttachments>
            <unpack>true</unpack>
            <scope>test</scope>
        </dependencySet>
    </dependencySets>
    <fileSets>
        <!--<fileSet>
            <directory>src/main/jar</directory>
            <outputDirectory>lib</outputDirectory>
            <includes>
                <include>*.jar</include>
            </includes>
        </fileSet>-->
        <fileSet>
            <directory>src/main/resources</directory>
            <outputDirectory>/</outputDirectory>
            <excludes>
                <exclude>**/*.json</exclude>
                <exclude>**/*.service</exclude>
                <exclude>**/nebula.conf</exclude>
            </excludes>
        </fileSet>
    </fileSets>
</assembly>